\BOOKMARK [-1][-]{part.1}{\376\377\000I\000\040\000O\000s\000n\000o\000v\000e}{}% 1
\BOOKMARK [0][-]{chapter.1}{\376\377\000U\000v\000o\000d\000\040\000u\000\040\000e\000k\000o\000l\000o\001\141\000k\000o\000\040\000m\000o\000d\000e\000l\000i\000r\000a\000n\000j\000e}{part.1}% 2
\BOOKMARK [1][-]{section.1.1}{\376\377\001\140\000t\000o\000\040\000j\000e\000\040\000m\000o\000d\000e\000l\000?}{chapter.1}% 3
\BOOKMARK [1][-]{section.1.2}{\376\377\000P\000o\000v\000i\000j\000e\000s\000n\000i\000\040\000r\000a\000z\000v\000o\000j\000\040\000m\000o\000d\000e\000l\000i\000r\000a\000n\000j\000a}{chapter.1}% 4
\BOOKMARK [1][-]{section.1.3}{\376\377\000V\000r\000s\000t\000e\000\040\000m\000o\000d\000e\000l\000a\000\040\000u\000\040\000e\000k\000o\000l\000o\000g\000i\000j\000i}{chapter.1}% 5
\BOOKMARK [1][-]{section.1.4}{\376\377\000P\000r\000e\000d\000n\000o\000s\000t\000i\000\040\000i\000\040\000o\000g\000r\000a\000n\000i\001\015\000e\000n\000j\000a\000\040\000m\000o\000d\000e\000l\000a}{chapter.1}% 6
\BOOKMARK [0][-]{chapter.2}{\376\377\000M\000a\000t\000e\000m\000a\000t\000i\001\015\000k\000e\000\040\000i\000\040\000r\000a\001\015\000u\000n\000a\000l\000n\000e\000\040\000o\000s\000n\000o\000v\000e}{part.1}% 7
\BOOKMARK [1][-]{section.2.1}{\376\377\000O\000s\000n\000o\000v\000n\000e\000\040\000f\000u\000n\000k\000c\000i\000j\000e\000\040\000i\000\040\000j\000e\000d\000n\000a\000d\001\176\000b\000e}{chapter.2}% 8
\BOOKMARK [1][-]{section.2.2}{\376\377\000D\000i\000f\000e\000r\000e\000n\000c\000i\000j\000a\000l\000n\000e\000\040\000i\000\040\000d\000i\000s\000k\000r\000e\000t\000n\000e\000\040\000j\000e\000d\000n\000a\000d\001\176\000b\000e}{chapter.2}% 9
\BOOKMARK [1][-]{section.2.3}{\376\377\000M\000a\000t\000r\000i\001\015\000n\000i\000\040\000m\000o\000d\000e\000l\000i\000\040\000\050\000L\000e\000s\000l\000i\000e\000,\000\040\000L\000e\000f\000k\000o\000v\000i\000t\000c\000h\000\051}{chapter.2}% 10
\BOOKMARK [1][-]{section.2.4}{\376\377\000S\000t\000o\000h\000a\000s\000t\000i\001\015\000k\000i\000\040\000p\000r\000o\000c\000e\000s\000i}{chapter.2}% 11
\BOOKMARK [1][-]{section.2.5}{\376\377\000R\000a\001\015\000u\000n\000a\000l\000n\000i\000\040\000a\000l\000a\000t\000i\000\040\000\050\000R\000,\000\040\000P\000y\000t\000h\000o\000n\000,\000\040\000M\000a\000t\000l\000a\000b\000,\000\040\000N\000e\000t\000L\000o\000g\000o\000\051}{chapter.2}% 12
\BOOKMARK [-1][-]{part.2}{\376\377\000I\000I\000\040\000P\000o\000p\000u\000l\000a\000c\000i\000j\000e\000\040\000i\000\040\000z\000a\000j\000e\000d\000n\000i\000c\000e}{}% 13
\BOOKMARK [0][-]{chapter.3}{\376\377\000P\000o\000p\000u\000l\000a\000c\000i\000j\000s\000k\000i\000\040\000m\000o\000d\000e\000l\000i}{part.2}% 14
\BOOKMARK [1][-]{section.3.1}{\376\377\000E\000k\000s\000p\000o\000n\000e\000n\000c\000i\000j\000a\000l\000n\000i\000\040\000i\000\040\000l\000o\000g\000i\000s\000t\000i\001\015\000k\000i\000\040\000r\000a\000s\000t}{chapter.3}% 15
\BOOKMARK [1][-]{section.3.2}{\376\377\000L\000o\000t\000k\000a\000-\000V\000o\000l\000t\000e\000r\000r\000a\000\040\000m\000o\000d\000e\000l\000i}{chapter.3}% 16
\BOOKMARK [1][-]{section.3.3}{\376\377\000D\000o\000b\000n\000o\000-\000s\000t\000r\000u\000k\000t\000u\000r\000n\000i\000\040\000m\000o\000d\000e\000l\000i}{chapter.3}% 17
\BOOKMARK [1][-]{section.3.4}{\376\377\000M\000e\000t\000a\000p\000o\000p\000u\000l\000a\000c\000i\000j\000s\000k\000i\000\040\000m\000o\000d\000e\000l\000i}{chapter.3}% 18
\BOOKMARK [0][-]{chapter.4}{\376\377\000M\000o\000d\000e\000l\000i\000\040\000z\000a\000j\000e\000d\000n\000i\000c\000a}{part.2}% 19
\BOOKMARK [1][-]{section.4.1}{\376\377\000E\000k\000o\000l\000o\001\141\000k\000e\000\040\000m\000r\000e\001\176\000e}{chapter.4}% 20
\BOOKMARK [1][-]{section.4.2}{\376\377\000S\000t\000a\000b\000i\000l\000n\000o\000s\000t\000\040\000z\000a\000j\000e\000d\000n\000i\000c\000a}{chapter.4}% 21
\BOOKMARK [1][-]{section.4.3}{\376\377\000S\000u\000k\000c\000e\000s\000i\000j\000a\000\040\000i\000\040\000b\000i\000o\000r\000a\000z\000n\000o\000l\000i\000k\000o\000s\000t}{chapter.4}% 22
\BOOKMARK [-1][-]{part.3}{\376\377\000I\000I\000I\000\040\000E\000k\000o\000s\000u\000s\000t\000a\000v\000i\000\040\000i\000\040\000p\000r\000o\000s\000t\000o\000r}{}% 23
\BOOKMARK [0][-]{chapter.5}{\376\377\000M\000o\000d\000e\000l\000i\000\040\000e\000k\000o\000s\000u\000s\000t\000a\000v\000a}{part.3}% 24
\BOOKMARK [1][-]{section.5.1}{\376\377\000K\000r\000u\001\176\000e\000n\000j\000e\000\040\000t\000v\000a\000r\000i\000\040\000i\000\040\000e\000n\000e\000r\000g\000i\000j\000e}{chapter.5}% 25
\BOOKMARK [1][-]{section.5.2}{\376\377\000B\000i\000o\000e\000n\000e\000r\000g\000e\000t\000s\000k\000i\000\040\000m\000o\000d\000e\000l\000i}{chapter.5}% 26
\BOOKMARK [1][-]{section.5.3}{\376\377\000D\000E\000B\000\040\000t\000e\000o\000r\000i\000j\000a}{chapter.5}% 27
\BOOKMARK [1][-]{section.5.4}{\376\377\000B\000i\000o\000g\000e\000o\000k\000e\000m\000i\000j\000s\000k\000i\000\040\000c\000i\000k\000l\000u\000s\000i}{chapter.5}% 28
\BOOKMARK [1][-]{section.5.5}{\376\377\000E\000c\000o\000s\000y\000s\000t\000e\000m\000\040\000s\000e\000r\000v\000i\000c\000e\000s\000\040\000m\000o\000d\000e\000l\000i}{chapter.5}% 29
\BOOKMARK [0][-]{chapter.6}{\376\377\000P\000r\000o\000s\000t\000o\000r\000n\000o\000-\000e\000k\000o\000l\000o\001\141\000k\000i\000\040\000m\000o\000d\000e\000l\000i}{part.3}% 30
\BOOKMARK [1][-]{section.6.1}{\376\377\000G\000I\000S\000\040\000i\000\040\000p\000r\000o\000s\000t\000o\000r\000n\000a\000\040\000a\000n\000a\000l\000i\000z\000a}{chapter.6}% 31
\BOOKMARK [1][-]{section.6.2}{\376\377\000M\000o\000d\000e\000l\000i\000\040\000r\000a\000s\000p\000r\000o\000s\000t\000i\000r\000a\000n\000j\000a\000\040\000v\000r\000s\000t\000a\000\040\000\050\000S\000D\000M\000,\000\040\000E\000N\000M\000\051}{chapter.6}% 32
\BOOKMARK [1][-]{section.6.3}{\376\377\000F\000r\000a\000g\000m\000e\000n\000t\000a\000c\000i\000j\000a\000\040\000s\000t\000a\000n\000i\001\141\000t\000a}{chapter.6}% 33
\BOOKMARK [1][-]{section.6.4}{\376\377\000I\000n\000d\000i\000v\000i\000d\000u\000a\000l\000n\000o\000\040\000t\000e\000m\000e\000l\000j\000e\000n\000i\000\040\000m\000o\000d\000e\000l\000i\000\040\000\050\000I\000B\000M\000\051}{chapter.6}% 34
\BOOKMARK [-1][-]{part.4}{\376\377\000I\000V\000\040\000P\000r\000e\000d\000v\000i\001\021\000a\000n\000j\000e\000\040\000i\000\040\000p\000r\000i\000m\000j\000e\000n\000a}{}% 35
\BOOKMARK [0][-]{chapter.7}{\376\377\000P\000r\000e\000d\000i\000k\000t\000i\000v\000n\000i\000\040\000m\000o\000d\000e\000l\000i\000\040\000i\000\040\000s\000c\000e\000n\000a\000r\000i\000j\000i}{part.4}% 36
\BOOKMARK [1][-]{section.7.1}{\376\377\000S\000c\000e\000n\000a\000r\000i\000j\000i\000\040\000k\000l\000i\000m\000a\000t\000s\000k\000i\000h\000\040\000p\000r\000o\000m\000j\000e\000n\000a}{chapter.7}% 37
\BOOKMARK [1][-]{section.7.2}{\376\377\000P\000r\000e\000d\000v\000i\001\021\000a\000n\000j\000e\000\040\000i\000n\000v\000a\000z\000i\000j\000a}{chapter.7}% 38
\BOOKMARK [1][-]{section.7.3}{\376\377\000R\000a\000n\000i\000\040\000s\000u\000s\000t\000a\000v\000i\000\040\000u\000p\000o\000z\000o\000r\000e\000n\000j\000a}{chapter.7}% 39
\BOOKMARK [1][-]{section.7.4}{\376\377\000K\000o\000m\000b\000i\000n\000a\000c\000i\000j\000a\000\040\000m\000e\000h\000a\000n\000i\000s\000t\000i\001\015\000k\000i\000h\000\040\000i\000\040\000s\000t\000a\000t\000i\000s\000t\000i\001\015\000k\000i\000h\000\040\000m\000o\000d\000e\000l\000a}{chapter.7}% 40
\BOOKMARK [0][-]{chapter.8}{\376\377\000S\000t\000a\000t\000i\000s\000t\000i\001\015\000k\000i\000\040\000i\000\040\000A\000I\000\040\000p\000r\000i\000s\000t\000u\000p\000i}{part.4}% 41
\BOOKMARK [1][-]{section.8.1}{\376\377\000F\000r\000e\000k\000v\000e\000n\000t\000i\000s\000t\000i\001\015\000k\000i\000\040\000i\000\040\000B\000a\000y\000e\000s\000o\000v\000s\000k\000i\000\040\000m\000o\000d\000e\000l\000i}{chapter.8}% 42
\BOOKMARK [1][-]{section.8.2}{\376\377\000S\000t\000r\000o\000j\000n\000o\000\040\000u\001\015\000e\000n\000j\000e\000\040\000\050\000R\000F\000,\000\040\000X\000G\000B\000o\000o\000s\000t\000,\000\040\000S\000V\000M\000\051}{chapter.8}% 43
\BOOKMARK [1][-]{section.8.3}{\376\377\000D\000u\000b\000o\000k\000o\000\040\000u\001\015\000e\000n\000j\000e\000\040\000i\000\040\000n\000e\000u\000r\000o\000n\000s\000k\000e\000\040\000m\000r\000e\001\176\000e}{chapter.8}% 44
\BOOKMARK [1][-]{section.8.4}{\376\377\000D\000i\000g\000i\000t\000a\000l\000n\000i\000\040\000b\000l\000i\000z\000a\000n\000c\000i\000\040\000e\000k\000o\000s\000u\000s\000t\000a\000v\000a}{chapter.8}% 45
\BOOKMARK [0][-]{chapter.9}{\376\377\000V\000a\000l\000i\000d\000a\000c\000i\000j\000a\000\040\000i\000\040\000n\000e\000s\000i\000g\000u\000r\000n\000o\000s\000t}{part.4}% 46
\BOOKMARK [1][-]{section.9.1}{\376\377\000K\000a\000l\000i\000b\000r\000a\000c\000i\000j\000a\000\040\000i\000\040\000v\000e\000r\000i\000f\000i\000k\000a\000c\000i\000j\000a}{chapter.9}% 47
\BOOKMARK [1][-]{section.9.2}{\376\377\000O\000s\000j\000e\000t\000l\000j\000i\000v\000o\000s\000t\000\040\000i\000\040\000r\000o\000b\000u\000s\000n\000o\000s\000t\000\040\000m\000o\000d\000e\000l\000a}{chapter.9}% 48
\BOOKMARK [1][-]{section.9.3}{\376\377\000N\000e\000s\000i\000g\000u\000r\000n\000o\000s\000t\000\040\000i\000\040\000e\000t\000i\000k\000a\000\040\000p\000r\000e\000d\000v\000i\001\021\000a\000n\000j\000a}{chapter.9}% 49
\BOOKMARK [0][-]{chapter.10}{\376\377\000P\000r\000i\000m\000j\000e\000n\000e\000\040\000u\000\040\000u\000p\000r\000a\000v\000l\000j\000a\000n\000j\000u\000\040\000o\000k\000o\000l\000i\001\141\000e\000m}{part.4}% 50
\BOOKMARK [1][-]{section.10.1}{\376\377\000Z\000a\001\141\000t\000i\000t\000a\000\040\000p\000r\000i\000r\000o\000d\000e\000\040\000i\000\040\000b\000i\000o\000r\000a\000z\000n\000o\000l\000i\000k\000o\000s\000t\000i}{chapter.10}% 51
\BOOKMARK [1][-]{section.10.2}{\376\377\000P\000o\000l\000j\000o\000p\000r\000i\000v\000r\000e\000d\000a\000\040\000i\000\040\001\141\000u\000m\000a\000r\000s\000t\000v\000o}{chapter.10}% 52
\BOOKMARK [1][-]{section.10.3}{\376\377\000E\000k\000o\000t\000o\000k\000s\000i\000k\000o\000l\000o\000g\000i\000j\000a\000\040\000i\000\040\000p\000r\000o\000c\000j\000e\000n\000a\000\040\000r\000i\000z\000i\000k\000a}{chapter.10}% 53
\BOOKMARK [1][-]{section.10.4}{\376\377\000K\000l\000i\000m\000a\000t\000s\000k\000a\000\040\000p\000o\000l\000i\000t\000i\000k\000a\000\040\000i\000\040\000o\000d\000r\001\176\000i\000v\000i\000\040\000r\000a\000z\000v\000o\000j}{chapter.10}% 54
\BOOKMARK [-1][-]{part.5}{\376\377\000V\000\040\000S\000t\000u\000d\000i\000j\000e\000\040\000s\000l\000u\001\015\000a\000j\000a\000\040\000i\000\040\000p\000r\000a\000k\000s\000a}{}% 55
\BOOKMARK [0][-]{chapter.11}{\376\377\000S\000t\000u\000d\000i\000j\000e\000\040\000s\000l\000u\001\015\000a\000j\000a}{part.5}% 56
\BOOKMARK [1][-]{section.11.1}{\376\377\000M\000o\000d\000e\000l\000i\000r\000a\000n\000j\000e\000\040\000p\000o\000p\000u\000l\000a\000c\000i\000j\000e\000\040\000g\000u\000j\000a\000v\000i\000c\000a\000\040\000u\000\040\000a\000g\000r\000o\000e\000k\000o\000s\000u\000s\000t\000a\000v\000u}{chapter.11}% 57
\BOOKMARK [1][-]{section.11.2}{\376\377\000P\000r\000e\000d\000v\000i\001\021\000a\000n\000j\000e\000\040\001\141\000i\000r\000e\000n\000j\000a\000\040\000k\000o\000m\000a\000r\000a\000c\000a}{chapter.11}% 58
\BOOKMARK [1][-]{section.11.3}{\376\377\000E\000u\000t\000r\000o\000f\000i\000k\000a\000c\000i\000j\000a\000\040\000r\000i\000j\000e\001\015\000n\000o\000g\000\040\000e\000k\000o\000s\000u\000s\000t\000a\000v\000a}{chapter.11}% 59
\BOOKMARK [1][-]{section.11.4}{\376\377\000F\000r\000a\000g\000m\000e\000n\000t\000a\000c\000i\000j\000a\000\040\001\141\000u\000m\000a\000\040\000i\000\040\000p\000t\000i\000c\000e\000\040\000m\000e\000t\000a\000p\000o\000p\000u\000l\000a\000c\000i\000j\000a}{chapter.11}% 60
\BOOKMARK [1][-]{section.11.5}{\376\377\000B\000a\000y\000e\000s\000o\000v\000e\000\040\000m\000r\000e\001\176\000e\000\040\000u\000\040\000e\000k\000o\000t\000o\000k\000s\000i\000k\000o\000l\000o\000g\000i\000j\000i}{chapter.11}% 61
\BOOKMARK [0][-]{chapter.12}{\376\377\000P\000r\000a\000k\000t\000i\001\015\000n\000e\000\040\000v\000j\000e\001\176\000b\000e\000\040\000u\000\040\000R\000-\000u\000\040\000i\000\040\000P\000y\000t\000h\000o\000n\000u}{part.5}% 62
\BOOKMARK [1][-]{section.12.1}{\376\377\000U\000v\000o\000d\000\040\000u\000\040\000R\000\040\000i\000\040\000P\000y\000t\000h\000o\000n}{chapter.12}% 63
\BOOKMARK [1][-]{section.12.2}{\376\377\000L\000e\000s\000l\000i\000e\000\040\000m\000a\000t\000r\000i\000c\000a\000\040\000u\000\040\000R\000-\000u}{chapter.12}% 64
\BOOKMARK [1][-]{section.12.3}{\376\377\000L\000o\000t\000k\000a\000-\000V\000o\000l\000t\000e\000r\000r\000a\000\040\000s\000i\000m\000u\000l\000a\000c\000i\000j\000a\000\040\000u\000\040\000P\000y\000t\000h\000o\000n\000u}{chapter.12}% 65
\BOOKMARK [1][-]{section.12.4}{\376\377\000S\000D\000M\000\040\000u\000\040\000R\000-\000u\000\040\000\050\000p\000a\000k\000e\000t\000\040\000d\000i\000s\000m\000o\000\051}{chapter.12}% 66
\BOOKMARK [1][-]{section.12.5}{\376\377\000R\000a\000n\000d\000o\000m\000\040\000F\000o\000r\000e\000s\000t\000\040\000z\000a\000\040\000i\000n\000v\000a\000z\000i\000j\000e}{chapter.12}% 67
\BOOKMARK [1][-]{section.12.6}{\376\377\000D\000E\000B\000\040\000s\000i\000m\000u\000l\000a\000c\000i\000j\000e}{chapter.12}% 68
\BOOKMARK [0][-]{appendix.A}{\376\377\000D\000o\000d\000a\000t\000c\000i}{part.5}% 69
\BOOKMARK [1][-]{section.A.1}{\376\377\000M\000a\000t\000e\000m\000a\000t\000i\001\015\000k\000i\000\040\000p\000r\000i\000l\000o\000z\000i}{appendix.A}% 70
\BOOKMARK [1][-]{section.A.2}{\376\377\000U\000p\000u\000t\000e\000\040\000z\000a\000\040\000i\000n\000s\000t\000a\000l\000a\000c\000i\000j\000u\000\040\000s\000o\000f\000t\000v\000e\000r\000a}{appendix.A}% 71
\BOOKMARK [1][-]{section.A.3}{\376\377\000P\000r\000i\000m\000j\000e\000r\000i\000\040\000k\000o\000d\000a}{appendix.A}% 72
\BOOKMARK [1][-]{section.A.4}{\376\377\000L\000i\000t\000e\000r\000a\000t\000u\000r\000a\000\040\000i\000\040\000m\000r\000e\001\176\000n\000i\000\040\000i\000z\000v\000o\000r\000i}{appendix.A}% 73
