\BOOKMARK [0][-]{chapter*.1}{\376\377\000P\000r\000e\000d\000g\000o\000v\000o\000r}{}% 1
\BOOKMARK [-1][-]{part.1}{\376\377\000I\000\040\000O\000s\000n\000o\000v\000e\000\040\000e\000k\000o\000l\000o\001\141\000k\000o\000g\000\040\000m\000o\000d\000e\000l\000i\000r\000a\000n\000j\000a}{}% 2
\BOOKMARK [0][-]{chapter.1}{\376\377\000U\000v\000o\000d\000\040\000u\000\040\000e\000k\000o\000l\000o\001\141\000k\000o\000\040\000m\000o\000d\000e\000l\000i\000r\000a\000n\000j\000e}{part.1}% 3
\BOOKMARK [1][-]{section.1.1}{\376\377\001\140\000t\000o\000\040\000j\000e\000\040\000e\000k\000o\000l\000o\001\141\000k\000o\000\040\000m\000o\000d\000e\000l\000i\000r\000a\000n\000j\000e\000?}{chapter.1}% 4
\BOOKMARK [2][-]{subsection.1.1.1}{\376\377\000D\000e\000f\000i\000n\000i\000c\000i\000j\000a\000\040\000i\000\040\000o\000p\000s\000e\000g}{section.1.1}% 5
\BOOKMARK [2][-]{subsection.1.1.2}{\376\377\000M\000a\000t\000e\000m\000a\000t\000i\001\015\000k\000i\000\040\000o\000k\000v\000i\000r}{section.1.1}% 6
\BOOKMARK [1][-]{section.1.2}{\376\377\000P\000o\000v\000i\000j\000e\000s\000n\000i\000\040\000r\000a\000z\000v\000o\000j\000\040\000e\000k\000o\000l\000o\001\141\000k\000o\000g\000\040\000m\000o\000d\000e\000l\000i\000r\000a\000n\000j\000a}{chapter.1}% 7
\BOOKMARK [2][-]{subsection.1.2.1}{\376\377\000P\000i\000o\000n\000i\000r\000i\000\040\000e\000k\000o\000l\000o\001\141\000k\000o\000g\000\040\000m\000o\000d\000e\000l\000i\000r\000a\000n\000j\000a}{section.1.2}% 8
\BOOKMARK [1][-]{section.1.3}{\376\377\000V\000r\000s\000t\000e\000\040\000e\000k\000o\000l\000o\001\141\000k\000i\000h\000\040\000m\000o\000d\000e\000l\000a}{chapter.1}% 9
\BOOKMARK [2][-]{subsection.1.3.1}{\376\377\000K\000l\000a\000s\000i\000f\000i\000k\000a\000c\000i\000j\000a\000\040\000p\000r\000e\000m\000a\000\040\000p\000r\000i\000s\000t\000u\000p\000u}{section.1.3}% 10
\BOOKMARK [2][-]{subsection.1.3.2}{\376\377\000K\000l\000a\000s\000i\000f\000i\000k\000a\000c\000i\000j\000a\000\040\000p\000r\000e\000m\000a\000\040\000v\000r\000e\000m\000e\000n\000u}{section.1.3}% 11
\BOOKMARK [1][-]{section.1.4}{\376\377\000U\000l\000o\000g\000a\000\040\000m\000o\000d\000e\000l\000i\000r\000a\000n\000j\000a\000\040\000u\000\040\000e\000k\000o\000l\000o\001\141\000k\000i\000m\000\040\000i\000s\000t\000r\000a\001\176\000i\000v\000a\000n\000j\000i\000m\000a}{chapter.1}% 12
\BOOKMARK [1][-]{section.1.5}{\376\377\000E\000t\000i\001\015\000k\000e\000\040\000i\000\040\000m\000e\000t\000o\000d\000o\000l\000o\001\141\000k\000e\000\040\000n\000a\000p\000o\000m\000e\000n\000e}{chapter.1}% 13
\BOOKMARK [2][-]{subsection.1.5.1}{\376\377\000O\000d\000g\000o\000v\000o\000r\000n\000o\000s\000t\000\040\000m\000o\000d\000e\000l\000a\000r\000a}{section.1.5}% 14
\BOOKMARK [0][-]{chapter.2}{\376\377\000M\000a\000t\000e\000m\000a\000t\000i\001\015\000k\000e\000\040\000o\000s\000n\000o\000v\000e}{part.1}% 15
\BOOKMARK [1][-]{section.2.1}{\376\377\000L\000i\000n\000e\000a\000r\000n\000a\000\040\000a\000l\000g\000e\000b\000r\000a\000\040\000u\000\040\000e\000k\000o\000l\000o\000g\000i\000j\000i}{chapter.2}% 16
\BOOKMARK [2][-]{subsection.2.1.1}{\376\377\000M\000a\000t\000r\000i\001\015\000n\000i\000\040\000m\000o\000d\000e\000l\000i\000\040\000p\000o\000p\000u\000l\000a\000c\000i\000j\000e}{section.2.1}% 17
\BOOKMARK [2][-]{subsection.2.1.2}{\376\377\000V\000l\000a\000s\000t\000i\000t\000e\000\040\000v\000r\000i\000j\000e\000d\000n\000o\000s\000t\000i\000\040\000i\000\040\000v\000e\000k\000t\000o\000r\000i}{section.2.1}% 18
\BOOKMARK [1][-]{section.2.2}{\376\377\000D\000i\000f\000e\000r\000e\000n\000c\000i\000j\000a\000l\000n\000e\000\040\000j\000e\000d\000n\000a\000d\001\176\000b\000e}{chapter.2}% 19
\BOOKMARK [2][-]{subsection.2.2.1}{\376\377\000O\000b\000i\001\015\000n\000e\000\040\000d\000i\000f\000e\000r\000e\000n\000c\000i\000j\000a\000l\000n\000e\000\040\000j\000e\000d\000n\000a\000d\001\176\000b\000e}{section.2.2}% 20
\BOOKMARK [2][-]{subsection.2.2.2}{\376\377\000L\000o\000g\000i\000s\000t\000i\001\015\000k\000i\000\040\000r\000a\000s\000t}{section.2.2}% 21
\BOOKMARK [1][-]{section.2.3}{\376\377\000T\000e\000o\000r\000i\000j\000a\000\040\000v\000j\000e\000r\000o\000j\000a\000t\000n\000o\000s\000t\000i\000\040\000i\000\040\000s\000t\000a\000t\000i\000s\000t\000i\000k\000a}{chapter.2}% 22
\BOOKMARK [2][-]{subsection.2.3.1}{\376\377\000O\000s\000n\000o\000v\000n\000i\000\040\000k\000o\000n\000c\000e\000p\000t\000i}{section.2.3}% 23
\BOOKMARK [2][-]{subsection.2.3.2}{\376\377\000S\000t\000o\000h\000a\000s\000t\000i\001\015\000n\000o\000s\000t\000\040\000u\000\040\000e\000k\000o\000l\000o\001\141\000k\000i\000m\000\040\000m\000o\000d\000e\000l\000i\000m\000a}{section.2.3}% 24
\BOOKMARK [0][-]{chapter.3}{\376\377\000T\000i\000p\000o\000v\000i\000\040\000e\000k\000o\000l\000o\001\141\000k\000i\000h\000\040\000m\000o\000d\000e\000l\000a}{part.1}% 25
\BOOKMARK [1][-]{section.3.1}{\376\377\000E\000m\000p\000i\000r\000i\000j\000s\000k\000i\000\040\000m\000o\000d\000e\000l\000i}{chapter.3}% 26
\BOOKMARK [2][-]{subsection.3.1.1}{\376\377\000R\000e\000g\000r\000e\000s\000i\000j\000s\000k\000i\000\040\000m\000o\000d\000e\000l\000i}{section.3.1}% 27
\BOOKMARK [2][-]{subsection.3.1.2}{\376\377\000G\000e\000n\000e\000r\000a\000l\000i\000z\000i\000r\000a\000n\000i\000\040\000l\000i\000n\000e\000a\000r\000n\000i\000\040\000m\000o\000d\000e\000l\000i\000\040\000\050\000G\000L\000M\000\051}{section.3.1}% 28
\BOOKMARK [1][-]{section.3.2}{\376\377\000M\000e\000h\000a\000n\000i\000s\000t\000i\001\015\000k\000i\000\040\000m\000o\000d\000e\000l\000i}{chapter.3}% 29
\BOOKMARK [2][-]{subsection.3.2.1}{\376\377\000P\000r\000e\000d\000n\000o\000s\000t\000i\000\040\000m\000e\000h\000a\000n\000i\000s\000t\000i\001\015\000k\000i\000h\000\040\000m\000o\000d\000e\000l\000a}{section.3.2}% 30
\BOOKMARK [2][-]{subsection.3.2.2}{\376\377\000I\000z\000a\000z\000o\000v\000i}{section.3.2}% 31
\BOOKMARK [-1][-]{part.2}{\376\377\000I\000I\000\040\000M\000o\000d\000e\000l\000i\000\040\000p\000o\000p\000u\000l\000a\000c\000i\000j\000s\000k\000e\000\040\000d\000i\000n\000a\000m\000i\000k\000e}{}% 32
\BOOKMARK [0][-]{chapter.4}{\376\377\000J\000e\000d\000n\000o\000s\000t\000a\000v\000n\000i\000\040\000p\000o\000p\000u\000l\000a\000c\000i\000j\000s\000k\000i\000\040\000m\000o\000d\000e\000l\000i}{part.2}% 33
\BOOKMARK [1][-]{section.4.1}{\376\377\000E\000k\000s\000p\000o\000n\000e\000n\000c\000i\000j\000a\000l\000n\000i\000\040\000r\000a\000s\000t}{chapter.4}% 34
\BOOKMARK [2][-]{subsection.4.1.1}{\376\377\000D\000i\000s\000k\000r\000e\000t\000n\000i\000\040\000e\000k\000s\000p\000o\000n\000e\000n\000c\000i\000j\000a\000l\000n\000i\000\040\000m\000o\000d\000e\000l}{section.4.1}% 35
\BOOKMARK [1][-]{section.4.2}{\376\377\000L\000o\000g\000i\000s\000t\000i\001\015\000k\000i\000\040\000r\000a\000s\000t}{chapter.4}% 36
\BOOKMARK [2][-]{subsection.4.2.1}{\376\377\000S\000t\000a\000b\000i\000l\000n\000o\000s\000t\000\040\000r\000a\000v\000n\000o\000t\000e\001\176\000n\000i\000h\000\040\000t\000o\001\015\000a\000k\000a}{section.4.2}% 37
\BOOKMARK [1][-]{section.4.3}{\376\377\000D\000i\000s\000k\000r\000e\000t\000n\000i\000\040\000p\000o\000p\000u\000l\000a\000c\000i\000j\000s\000k\000i\000\040\000m\000o\000d\000e\000l\000i}{chapter.4}% 38
\BOOKMARK [2][-]{subsection.4.3.1}{\376\377\000G\000e\000n\000e\000r\000a\000l\000i\000z\000i\000r\000a\000n\000i\000\040\000d\000i\000s\000k\000r\000e\000t\000n\000i\000\040\000m\000o\000d\000e\000l}{section.4.3}% 39
\BOOKMARK [2][-]{subsection.4.3.2}{\376\377\000R\000i\000c\000k\000e\000r\000\040\000m\000o\000d\000e\000l}{section.4.3}% 40
\BOOKMARK [2][-]{subsection.4.3.3}{\376\377\000B\000e\000v\000e\000r\000t\000o\000n\000-\000H\000o\000l\000t\000\040\000m\000o\000d\000e\000l}{section.4.3}% 41
\BOOKMARK [0][-]{chapter.5}{\376\377\000M\000e\001\021\000u\000s\000p\000e\000c\000i\000j\000s\000k\000e\000\040\000i\000n\000t\000e\000r\000a\000k\000c\000i\000j\000e}{part.2}% 42
\BOOKMARK [1][-]{section.5.1}{\376\377\000M\000o\000d\000e\000l\000i\000\040\000g\000r\000a\000b\000l\000j\000i\000v\000a\000c\000-\000p\000l\000i\000j\000e\000n}{chapter.5}% 43
\BOOKMARK [2][-]{subsection.5.1.1}{\376\377\000L\000o\000t\000k\000a\000-\000V\000o\000l\000t\000e\000r\000r\000a\000\040\000m\000o\000d\000e\000l}{section.5.1}% 44
\BOOKMARK [2][-]{subsection.5.1.2}{\376\377\000H\000o\000l\000l\000i\000n\000g\000\040\000f\000u\000n\000k\000c\000i\000j\000s\000k\000a\000\040\000o\000d\000g\000o\000v\000o\000r}{section.5.1}% 45
\BOOKMARK [1][-]{section.5.2}{\376\377\000M\000o\000d\000e\000l\000i\000\040\000k\000o\000n\000k\000u\000r\000e\000n\000c\000i\000j\000e}{chapter.5}% 46
\BOOKMARK [2][-]{subsection.5.2.1}{\376\377\000L\000o\000t\000k\000a\000-\000V\000o\000l\000t\000e\000r\000r\000a\000\040\000k\000o\000n\000k\000u\000r\000e\000n\000c\000i\000j\000a}{section.5.2}% 47
\BOOKMARK [2][-]{subsection.5.2.2}{\376\377\000U\000v\000j\000e\000t\000i\000\040\000k\000o\000e\000g\000z\000i\000s\000t\000e\000n\000c\000i\000j\000e}{section.5.2}% 48
\BOOKMARK [-1][-]{part.3}{\376\377\000I\000I\000I\000\040\000P\000r\000o\000s\000t\000o\000r\000n\000i\000\040\000e\000k\000o\000l\000o\001\141\000k\000i\000\040\000m\000o\000d\000e\000l\000i}{}% 49
\BOOKMARK [0][-]{chapter.6}{\376\377\000U\000v\000o\000d\000\040\000u\000\040\000p\000r\000o\000s\000t\000o\000r\000n\000o\000\040\000m\000o\000d\000e\000l\000i\000r\000a\000n\000j\000e}{part.3}% 50
\BOOKMARK [1][-]{section.6.1}{\376\377\000P\000r\000o\000s\000t\000o\000r\000n\000a\000\040\000h\000e\000t\000e\000r\000o\000g\000e\000n\000o\000s\000t\000\040\000u\000\040\000e\000k\000o\000l\000o\000g\000i\000j\000i}{chapter.6}% 51
\BOOKMARK [2][-]{subsection.6.1.1}{\376\377\000S\000k\000a\000l\000e\000\040\000p\000r\000o\000s\000t\000o\000r\000n\000e\000\040\000h\000e\000t\000e\000r\000o\000g\000e\000n\000o\000s\000t\000i}{section.6.1}% 52
\BOOKMARK [1][-]{section.6.2}{\376\377\000G\000I\000S\000\040\000i\000\040\000d\000a\000l\000j\000i\000n\000s\000k\000o\000\040\000i\000s\000t\000r\000a\001\176\000i\000v\000a\000n\000j\000e}{chapter.6}% 53
\BOOKMARK [2][-]{subsection.6.2.1}{\376\377\000G\000e\000o\000i\000n\000f\000o\000r\000m\000a\000c\000i\000j\000s\000k\000i\000\040\000s\000u\000s\000t\000a\000v\000i\000\040\000\050\000G\000I\000S\000\051}{section.6.2}% 54
\BOOKMARK [2][-]{subsection.6.2.2}{\376\377\000D\000a\000l\000j\000i\000n\000s\000k\000o\000\040\000i\000s\000t\000r\000a\001\176\000i\000v\000a\000n\000j\000e}{section.6.2}% 55
\BOOKMARK [0][-]{appendix.A}{\376\377\000M\000a\000t\000e\000m\000a\000t\000i\001\015\000k\000i\000\040\000p\000o\000p\000i\000s\000\040\000f\000o\000r\000m\000u\000l\000a}{part.3}% 56
\BOOKMARK [1][-]{section.A.1}{\376\377\000O\000s\000n\000o\000v\000n\000i\000\040\000p\000o\000p\000u\000l\000a\000c\000i\000j\000s\000k\000i\000\040\000m\000o\000d\000e\000l\000i}{appendix.A}% 57
\BOOKMARK [0][-]{appendix.B}{\376\377\000S\000o\000f\000t\000v\000e\000r\000s\000k\000i\000\040\000k\000o\000d\000o\000v\000i\000\040\000i\000\040\000s\000k\000r\000i\000p\000t\000e}{part.3}% 58
\BOOKMARK [1][-]{section.B.1}{\376\377\000R\000\040\000k\000o\000d\000\040\000z\000a\000\040\000l\000o\000g\000i\000s\000t\000i\001\015\000k\000i\000\040\000r\000a\000s\000t}{appendix.B}% 59
\BOOKMARK [0][-]{appendix.C}{\376\377\000B\000a\000z\000e\000\040\000p\000o\000d\000a\000t\000a\000k\000a\000\040\000i\000\040\000r\000e\000s\000u\000r\000s\000i}{part.3}% 60
\BOOKMARK [1][-]{section.C.1}{\376\377\000O\000n\000l\000i\000n\000e\000\040\000b\000a\000z\000e\000\040\000p\000o\000d\000a\000t\000a\000k\000a}{appendix.C}% 61
\BOOKMARK [1][-]{section.C.2}{\376\377\000S\000o\000f\000t\000v\000e\000r\000s\000k\000i\000\040\000p\000a\000k\000e\000t\000i}{appendix.C}% 62
\BOOKMARK [2][-]{subsection.C.2.1}{\376\377\000R\000\040\000p\000a\000k\000e\000t\000i}{section.C.2}% 63
\BOOKMARK [0][-]{appendix.D}{\376\377\000R\000j\000e\001\015\000n\000i\000k\000\040\000p\000o\000j\000m\000o\000v\000a}{part.3}% 64
