\BOOKMARK [-1][-]{part.1}{\376\377\000I\000\040\000O\000s\000n\000o\000v\000e\000\040\000i\000\040\000m\000a\000t\000e\000m\000a\000t\000i\001\015\000k\000i\000\040\000o\000k\000v\000i\000r}{}% 1
\BOOKMARK [0][-]{chapter.1}{\376\377\000U\000v\000o\000d\000\040\000u\000\040\000e\000k\000o\000l\000o\001\141\000k\000o\000\040\000m\000o\000d\000e\000l\000i\000r\000a\000n\000j\000e}{part.1}% 2
\BOOKMARK [1][-]{section.1.1}{\376\377\001\140\000t\000o\000\040\000j\000e\000\040\000e\000k\000o\000l\000o\001\141\000k\000o\000\040\000m\000o\000d\000e\000l\000i\000r\000a\000n\000j\000e\000?}{chapter.1}% 3
\BOOKMARK [1][-]{section.1.2}{\376\377\000D\000e\000f\000i\000n\000i\000c\000i\000j\000e\000,\000\040\000o\000p\000s\000e\000g\000\040\000i\000\040\000u\000l\000o\000g\000a}{chapter.1}% 4
\BOOKMARK [1][-]{section.1.3}{\376\377\000P\000o\000v\000i\000j\000e\000s\000n\000i\000\040\000p\000r\000e\000g\000l\000e\000d}{chapter.1}% 5
\BOOKMARK [0][-]{chapter.2}{\376\377\000M\000a\000t\000e\000m\000a\000t\000i\001\015\000k\000i\000\040\000i\000\040\000s\000t\000a\000t\000i\000s\000t\000i\001\015\000k\000i\000\040\000t\000e\000m\000e\000l\000j\000i}{part.1}% 6
\BOOKMARK [1][-]{section.2.1}{\376\377\000L\000i\000n\000e\000a\000r\000n\000a\000\040\000a\000l\000g\000e\000b\000r\000a\000\040\000i\000\040\000m\000a\000t\000r\000i\001\015\000n\000i\000\040\000m\000o\000d\000e\000l\000i}{chapter.2}% 7
\BOOKMARK [1][-]{section.2.2}{\376\377\000D\000i\000f\000e\000r\000e\000n\000c\000i\000j\000a\000l\000n\000e\000\040\000i\000\040\000d\000i\000f\000e\000r\000e\000n\000t\000n\000e\000\040\000j\000e\000d\000n\000a\000d\001\176\000b\000e}{chapter.2}% 8
\BOOKMARK [1][-]{section.2.3}{\376\377\000V\000j\000e\000r\000o\000j\000a\000t\000n\000o\000s\000t\000,\000\040\000s\000t\000a\000t\000i\000s\000t\000i\000k\000a\000\040\000i\000\040\000s\000t\000o\000h\000a\000s\000t\000i\001\015\000n\000o\000s\000t}{chapter.2}% 9
\BOOKMARK [2][-]{subsection.2.3.1}{\376\377\000U\000v\000o\000d\000\040\000u\000\040\000s\000t\000o\000h\000a\000s\000t\000i\001\015\000n\000o\000s\000t\000\040\000u\000\040\000e\000k\000o\000l\000o\001\141\000k\000i\000m\000\040\000s\000u\000s\000t\000a\000v\000i\000m\000a}{section.2.3}% 10
\BOOKMARK [2][-]{subsection.2.3.2}{\376\377\000O\000s\000n\000o\000v\000n\000i\000\040\000k\000o\000n\000c\000e\000p\000t\000i\000\040\000v\000j\000e\000r\000o\000j\000a\000t\000n\000o\000s\000t\000i}{section.2.3}% 11
\BOOKMARK [2][-]{subsection.2.3.3}{\376\377\000D\000e\000m\000o\000g\000r\000a\000f\000s\000k\000a\000\040\000s\000t\000o\000h\000a\000s\000t\000i\001\015\000n\000o\000s\000t}{section.2.3}% 12
\BOOKMARK [2][-]{subsection.2.3.4}{\376\377\000O\000k\000o\000l\000i\001\141\000n\000a\000\040\000s\000t\000o\000h\000a\000s\000t\000i\001\015\000n\000o\000s\000t}{section.2.3}% 13
\BOOKMARK [2][-]{subsection.2.3.5}{\376\377\000K\000a\000t\000a\000s\000t\000r\000o\000f\000i\001\015\000n\000a\000\040\000s\000t\000o\000h\000a\000s\000t\000i\001\015\000n\000o\000s\000t}{section.2.3}% 14
\BOOKMARK [2][-]{subsection.2.3.6}{\376\377\000M\000a\000k\000s\000i\000m\000a\000l\000n\000a\000\040\000v\000j\000e\000r\000o\000j\000a\000t\000n\000o\000s\000t\000\040\000\050\000M\000a\000x\000i\000m\000u\000m\000\040\000L\000i\000k\000e\000l\000i\000h\000o\000o\000d\000\051}{section.2.3}% 15
\BOOKMARK [2][-]{subsection.2.3.7}{\376\377\000B\000a\000y\000e\000s\000o\000v\000s\000k\000a\000\040\000s\000t\000a\000t\000i\000s\000t\000i\000k\000a}{section.2.3}% 16
\BOOKMARK [2][-]{subsection.2.3.8}{\376\377\000P\000r\000i\000m\000j\000e\000r\000i\000\040\000u\000\040\000e\000k\000o\000l\000o\001\141\000k\000o\000m\000\040\000m\000o\000d\000e\000l\000i\000r\000a\000n\000j\000u}{section.2.3}% 17
\BOOKMARK [2][-]{subsection.2.3.9}{\376\377\000M\000o\000d\000e\000l\000\040\000s\000e\000l\000e\000k\000c\000i\000j\000a\000\040\000i\000\040\000u\000s\000p\000o\000r\000e\000d\000b\000a}{section.2.3}% 18
\BOOKMARK [2][-]{subsection.2.3.10}{\376\377\000P\000r\000o\000p\000a\000g\000a\000c\000i\000j\000a\000\040\000n\000e\000s\000i\000g\000u\000r\000n\000o\000s\000t\000i}{section.2.3}% 19
\BOOKMARK [2][-]{subsection.2.3.11}{\376\377\000K\000l\000j\000u\001\015\000n\000e\000\040\000t\000o\001\015\000k\000e\000\040\000z\000a\000\040\000p\000r\000a\000k\000t\000i\001\015\000n\000u\000\040\000p\000r\000i\000m\000j\000e\000n\000u}{section.2.3}% 20
\BOOKMARK [1][-]{section.2.4}{\376\377\000R\000a\001\015\000u\000n\000a\000l\000n\000i\000\040\000a\000l\000a\000t\000i}{chapter.2}% 21
\BOOKMARK [2][-]{subsection.2.4.1}{\376\377\000U\000v\000o\000d\000\040\000u\000\040\000r\000a\001\015\000u\000n\000a\000l\000n\000e\000\040\000a\000l\000a\000t\000e\000\040\000z\000a\000\040\000e\000k\000o\000l\000o\001\141\000k\000o\000\040\000m\000o\000d\000e\000l\000i\000r\000a\000n\000j\000e}{section.2.4}% 22
\BOOKMARK [2][-]{subsection.2.4.2}{\376\377\000R\000\040\000p\000r\000o\000g\000r\000a\000m\000s\000k\000i\000\040\000j\000e\000z\000i\000k\000\040\000i\000\040\000o\000k\000r\000u\001\176\000e\000n\000j\000e}{section.2.4}% 23
\BOOKMARK [2][-]{subsection.2.4.3}{\376\377\000P\000y\000t\000h\000o\000n\000\040\000p\000r\000o\000g\000r\000a\000m\000s\000k\000i\000\040\000j\000e\000z\000i\000k}{section.2.4}% 24
\BOOKMARK [2][-]{subsection.2.4.4}{\376\377\000M\000A\000T\000L\000A\000B}{section.2.4}% 25
\BOOKMARK [2][-]{subsection.2.4.5}{\376\377\000G\000N\000U\000\040\000O\000c\000t\000a\000v\000e}{section.2.4}% 26
\BOOKMARK [2][-]{subsection.2.4.6}{\376\377\000P\000y\000t\000h\000o\000n\000\040\000S\000c\000i\000e\000n\000t\000i\000f\000i\000c\000\040\000C\000o\000m\000p\000u\000t\000i\000n\000g\000\040\000S\000t\000a\000c\000k}{section.2.4}% 27
\BOOKMARK [2][-]{subsection.2.4.7}{\376\377\000J\000u\000l\000i\000a\000\040\000p\000r\000o\000g\000r\000a\000m\000s\000k\000i\000\040\000j\000e\000z\000i\000k}{section.2.4}% 28
\BOOKMARK [2][-]{subsection.2.4.8}{\376\377\000N\000e\000t\000L\000o\000g\000o}{section.2.4}% 29
\BOOKMARK [2][-]{subsection.2.4.9}{\376\377\000R\000e\000p\000r\000o\000d\000u\000c\000i\000b\000i\000l\000n\000o\000s\000t\000\040\000i\000\040\000n\000a\000j\000b\000o\000l\000j\000e\000\040\000p\000r\000a\000k\000s\000e}{section.2.4}% 30
\BOOKMARK [2][-]{subsection.2.4.10}{\376\377\000I\000n\000t\000e\000g\000r\000a\000c\000i\000j\000s\000k\000a\000\040\000p\000r\000i\000l\000a\000z\000i\000\040\000i\000\040\000i\000n\000t\000e\000r\000o\000p\000e\000r\000a\000b\000i\000l\000n\000o\000s\000t}{section.2.4}% 31
\BOOKMARK [2][-]{subsection.2.4.11}{\376\377\000Z\000a\000k\000l\000j\000u\001\015\000a\000k\000\040\000i\000\040\000p\000r\000e\000p\000o\000r\000u\000k\000e}{section.2.4}% 32
\BOOKMARK [-1][-]{part.2}{\376\377\000I\000I\000\040\000P\000o\000p\000u\000l\000a\000c\000i\000j\000e\000,\000\040\000z\000a\000j\000e\000d\000n\000i\000c\000e\000\040\000i\000\040\000e\000k\000o\000s\000u\000s\000t\000a\000v\000i}{}% 33
\BOOKMARK [0][-]{chapter.3}{\376\377\000M\000o\000d\000e\000l\000i\000\040\000p\000o\000p\000u\000l\000a\000c\000i\000j\000s\000k\000e\000\040\000d\000i\000n\000a\000m\000i\000k\000e}{part.2}% 34
\BOOKMARK [1][-]{section.3.1}{\376\377\000J\000e\000d\000n\000o\000s\000t\000a\000v\000n\000i\000\040\000m\000o\000d\000e\000l\000i}{chapter.3}% 35
\BOOKMARK [2][-]{subsection.3.1.1}{\376\377\000U\000v\000o\000d\000\040\000u\000\040\000p\000o\000p\000u\000l\000a\000c\000i\000j\000s\000k\000u\000\040\000d\000i\000n\000a\000m\000i\000k\000u}{section.3.1}% 36
\BOOKMARK [2][-]{subsection.3.1.2}{\376\377\000E\000k\000s\000p\000o\000n\000e\000n\000c\000i\000j\000a\000l\000n\000i\000\040\000r\000a\000s\000t}{section.3.1}% 37
\BOOKMARK [2][-]{subsection.3.1.3}{\376\377\000L\000o\000g\000i\000s\000t\000i\001\015\000k\000i\000\040\000r\000a\000s\000t}{section.3.1}% 38
\BOOKMARK [2][-]{subsection.3.1.4}{\376\377\000D\000i\000s\000k\000r\000e\000t\000n\000i\000\040\000m\000o\000d\000e\000l\000i\000\040\000r\000a\000s\000t\000a}{section.3.1}% 39
\BOOKMARK [2][-]{subsection.3.1.5}{\376\377\000U\000s\000p\000o\000r\000e\000d\000b\000a\000\040\000d\000i\000s\000k\000r\000e\000t\000n\000i\000h\000\040\000m\000o\000d\000e\000l\000a}{section.3.1}% 40
\BOOKMARK [2][-]{subsection.3.1.6}{\376\377\000P\000r\000o\000c\000j\000e\000n\000a\000\040\000p\000a\000r\000a\000m\000e\000t\000a\000r\000a}{section.3.1}% 41
\BOOKMARK [1][-]{section.3.2}{\376\377\000D\000o\000b\000n\000o\000/\000s\000t\000a\000n\000o\000v\000n\000o\000\040\000s\000t\000r\000u\000k\000t\000u\000r\000i\000r\000a\000n\000i\000\040\000m\000o\000d\000e\000l\000i}{chapter.3}% 42
\BOOKMARK [2][-]{subsection.3.2.1}{\376\377\000U\000v\000o\000d\000\040\000u\000\040\000s\000t\000r\000u\000k\000t\000u\000r\000i\000r\000a\000n\000e\000\040\000m\000o\000d\000e\000l\000e}{section.3.2}% 43
\BOOKMARK [2][-]{subsection.3.2.2}{\376\377\000L\000e\000s\000l\000i\000e\000\040\000m\000a\000t\000r\000i\000c\000a}{section.3.2}% 44
\BOOKMARK [2][-]{subsection.3.2.3}{\376\377\000L\000e\000f\000k\000o\000v\000i\000t\000c\000h\000\040\000m\000a\000t\000r\000i\000c\000a}{section.3.2}% 45
\BOOKMARK [2][-]{subsection.3.2.4}{\376\377\000A\000n\000a\000l\000i\000z\000a\000\040\000o\000s\000j\000e\000t\000l\000j\000i\000v\000o\000s\000t\000i\000\040\000i\000\040\000e\000l\000a\000s\000t\000i\001\015\000n\000o\000s\000t\000i}{section.3.2}% 46
\BOOKMARK [2][-]{subsection.3.2.5}{\376\377\000N\000a\000p\000r\000e\000d\000n\000i\000\040\000k\000o\000n\000c\000e\000p\000t\000i\000\040\000s\000t\000r\000u\000k\000t\000u\000r\000i\000r\000a\000n\000i\000h\000\040\000m\000o\000d\000e\000l\000a}{section.3.2}% 47
\BOOKMARK [1][-]{section.3.3}{\376\377\000M\000e\000t\000a\000p\000o\000p\000u\000l\000a\000c\000i\000j\000s\000k\000i\000\040\000m\000o\000d\000e\000l\000i}{chapter.3}% 48
\BOOKMARK [2][-]{subsection.3.3.1}{\376\377\000U\000v\000o\000d\000\040\000u\000\040\000m\000e\000t\000a\000p\000o\000p\000u\000l\000a\000c\000i\000j\000s\000k\000u\000\040\000e\000k\000o\000l\000o\000g\000i\000j\000u}{section.3.3}% 49
\BOOKMARK [2][-]{subsection.3.3.2}{\376\377\000L\000e\000v\000i\000n\000s\000o\000v\000\040\000k\000l\000a\000s\000i\001\015\000n\000i\000\040\000m\000o\000d\000e\000l}{section.3.3}% 50
\BOOKMARK [2][-]{subsection.3.3.3}{\376\377\000P\000r\000o\000s\000t\000o\000r\000n\000o\000\040\000e\000k\000s\000p\000l\000i\000c\000i\000t\000n\000i\000\040\000m\000e\000t\000a\000p\000o\000p\000u\000l\000a\000c\000i\000j\000s\000k\000i\000\040\000m\000o\000d\000e\000l\000i}{section.3.3}% 51
\BOOKMARK [2][-]{subsection.3.3.4}{\376\377\000M\000o\000d\000e\000l\000i\000\040\000s\000\040\000h\000e\000t\000e\000r\000o\000g\000e\000n\000o\001\141\001\007\000u\000\040\000f\000r\000a\000g\000m\000e\000n\000a\000t\000a}{section.3.3}% 52
\BOOKMARK [2][-]{subsection.3.3.5}{\376\377\000D\000i\000s\000k\000r\000e\000t\000n\000i\000\040\000m\000e\000t\000a\000p\000o\000p\000u\000l\000a\000c\000i\000j\000s\000k\000i\000\040\000m\000o\000d\000e\000l\000i}{section.3.3}% 53
\BOOKMARK [2][-]{subsection.3.3.6}{\376\377\000F\000r\000a\000g\000m\000e\000n\000t\000a\000c\000i\000j\000a\000\040\000s\000t\000a\000n\000i\001\141\000t\000a}{section.3.3}% 54
\BOOKMARK [2][-]{subsection.3.3.7}{\376\377\000E\000m\000p\000i\000r\000i\000j\000s\000k\000i\000\040\000p\000r\000i\000m\000j\000e\000r\000:\000\040\000M\000e\000t\000a\000p\000o\000p\000u\000l\000a\000c\000i\000j\000a\000\040\000l\000e\000p\000t\000i\000r\000a}{section.3.3}% 55
\BOOKMARK [2][-]{subsection.3.3.8}{\376\377\000P\000r\000a\000k\000t\000i\001\015\000n\000e\000\040\000p\000r\000i\000m\000j\000e\000n\000e\000\040\000m\000e\000t\000a\000p\000o\000p\000u\000l\000a\000c\000i\000j\000s\000k\000i\000h\000\040\000m\000o\000d\000e\000l\000a}{section.3.3}% 56
\BOOKMARK [0][-]{chapter.4}{\376\377\000M\000e\001\021\000u\000s\000p\000e\000c\000i\000j\000s\000k\000e\000\040\000i\000n\000t\000e\000r\000a\000k\000c\000i\000j\000e\000\040\000i\000\040\000m\000o\000d\000e\000l\000i\000\040\000z\000a\000j\000e\000d\000n\000i\000c\000a}{part.2}% 57
\BOOKMARK [1][-]{section.4.1}{\376\377\000G\000r\000a\000b\000l\000j\000i\000v\000a\000c\040\023\000p\000l\000i\000j\000e\000n\000\040\000i\000\040\000f\000u\000n\000k\000c\000i\000j\000s\000k\000i\000\040\000o\000d\000g\000o\000v\000o\000r\000i}{chapter.4}% 58
\BOOKMARK [2][-]{subsection.4.1.1}{\376\377\000U\000v\000o\000d\000\040\000u\000\040\000p\000r\000e\000d\000a\000t\000o\000r\000-\000p\000r\000e\000y\000\040\000d\000i\000n\000a\000m\000i\000k\000u}{section.4.1}% 59
\BOOKMARK [2][-]{subsection.4.1.2}{\376\377\000L\000o\000t\000k\000a\000-\000V\000o\000l\000t\000e\000r\000r\000a\000\040\000m\000o\000d\000e\000l\000i}{section.4.1}% 60
\BOOKMARK [2][-]{subsection.4.1.3}{\376\377\000F\000u\000n\000k\000c\000i\000j\000s\000k\000i\000\040\000o\000d\000g\000o\000v\000o\000r\000i}{section.4.1}% 61
\BOOKMARK [2][-]{subsection.4.1.4}{\376\377\000M\000o\000d\000i\000f\000i\000k\000a\000c\000i\000j\000e\000\040\000L\000o\000t\000k\000a\000-\000V\000o\000l\000t\000e\000r\000r\000a\000\040\000m\000o\000d\000e\000l\000a}{section.4.1}% 62
\BOOKMARK [2][-]{subsection.4.1.5}{\376\377\000P\000r\000o\000s\000t\000o\000r\000n\000i\000\040\000p\000r\000e\000d\000a\000t\000o\000r\000-\000p\000r\000e\000y\000\040\000m\000o\000d\000e\000l\000i}{section.4.1}% 63
\BOOKMARK [1][-]{section.4.2}{\376\377\000K\000o\000n\000k\000u\000r\000e\000n\000c\000i\000j\000a\000\040\000i\000\040\000k\000o\000e\000g\000z\000i\000s\000t\000e\000n\000c\000i\000j\000a}{chapter.4}% 64
\BOOKMARK [2][-]{subsection.4.2.1}{\376\377\000T\000e\000o\000r\000i\000j\000a\000\040\000k\000o\000n\000k\000u\000r\000e\000n\000c\000i\000j\000e}{section.4.2}% 65
\BOOKMARK [2][-]{subsection.4.2.2}{\376\377\000L\000o\000t\000k\000a\000-\000V\000o\000l\000t\000e\000r\000r\000a\000\040\000m\000o\000d\000e\000l\000\040\000k\000o\000n\000k\000u\000r\000e\000n\000c\000i\000j\000e}{section.4.2}% 66
\BOOKMARK [2][-]{subsection.4.2.3}{\376\377\000M\000o\000d\000e\000r\000n\000a\000\040\000t\000e\000o\000r\000i\000j\000a\000\040\000k\000o\000e\000g\000z\000i\000s\000t\000e\000n\000c\000i\000j\000e}{section.4.2}% 67
\BOOKMARK [2][-]{subsection.4.2.4}{\376\377\000R\000e\000s\000o\000u\000r\000c\000e\000\040\000p\000a\000r\000t\000i\000t\000i\000o\000n\000i\000n\000g\000\040\000i\000\040\000n\000i\000c\000h\000e\000\040\000t\000e\000o\000r\000i\000j\000a}{section.4.2}% 68
\BOOKMARK [1][-]{section.4.3}{\376\377\000E\000k\000o\000l\000o\001\141\000k\000e\000\040\000m\000r\000e\001\176\000e\000\040\000i\000\040\000s\000t\000a\000b\000i\000l\000n\000o\000s\000t\000\040\000z\000a\000j\000e\000d\000n\000i\000c\000a}{chapter.4}% 69
\BOOKMARK [2][-]{subsection.4.3.1}{\376\377\000U\000v\000o\000d\000\040\000u\000\040\000e\000k\000o\000l\000o\001\141\000k\000e\000\040\000m\000r\000e\001\176\000e}{section.4.3}% 70
\BOOKMARK [2][-]{subsection.4.3.2}{\376\377\000T\000o\000p\000o\000l\000o\000g\000i\000j\000a\000\040\000h\000r\000a\000n\000i\000d\000b\000e\000n\000i\000h\000\040\000m\000r\000e\001\176\000a}{section.4.3}% 71
\BOOKMARK [2][-]{subsection.4.3.3}{\376\377\000M\000a\000y\000-\000o\000v\000a\000\040\000a\000n\000a\000l\000i\000z\000a\000\040\000s\000t\000a\000b\000i\000l\000n\000o\000s\000t\000i}{section.4.3}% 72
\BOOKMARK [2][-]{subsection.4.3.4}{\376\377\000S\000t\000r\000u\000k\000t\000u\000r\000n\000i\000\040\000a\000s\000p\000e\000k\000t\000i\000\040\000s\000t\000a\000b\000i\000l\000n\000o\000s\000t\000i}{section.4.3}% 73
\BOOKMARK [2][-]{subsection.4.3.5}{\376\377\000K\000a\000s\000k\000a\000d\000n\000i\000\040\000u\001\015\000i\000n\000c\000i}{section.4.3}% 74
\BOOKMARK [2][-]{subsection.4.3.6}{\376\377\000D\000i\000n\000a\000m\000i\001\015\000k\000a\000\040\000a\000n\000a\000l\000i\000z\000a\000\040\000m\000r\000e\001\176\000a}{section.4.3}% 75
\BOOKMARK [2][-]{subsection.4.3.7}{\376\377\000E\000m\000p\000i\000r\000i\000j\000s\000k\000i\000\040\000p\000r\000i\000m\000j\000e\000r\000i}{section.4.3}% 76
\BOOKMARK [2][-]{subsection.4.3.8}{\376\377\000M\000r\000e\001\176\000n\000e\000\040\000m\000e\000t\000r\000i\000k\000e\000\040\000i\000\040\000b\000i\000o\000r\000a\000z\000n\000o\000l\000i\000k\000o\000s\000t}{section.4.3}% 77
\BOOKMARK [2][-]{subsection.4.3.9}{\376\377\000P\000r\000o\000s\000t\000o\000r\000n\000o\000-\000e\000k\000s\000p\000l\000i\000c\000i\000t\000n\000i\000\040\000m\000r\000e\001\176\000n\000i\000\040\000m\000o\000d\000e\000l\000i}{section.4.3}% 78
\BOOKMARK [0][-]{chapter.5}{\376\377\000M\000o\000d\000e\000l\000i\000\040\000e\000k\000o\000s\000u\000s\000t\000a\000v\000a\000\040\000i\000\040\000b\000i\000o\000e\000n\000e\000r\000g\000e\000t\000i\000k\000a}{part.2}% 79
\BOOKMARK [1][-]{section.5.1}{\376\377\000K\000r\000u\001\176\000e\000n\000j\000e\000\040\000t\000v\000a\000r\000i\000\040\000i\000\040\000e\000n\000e\000r\000g\000i\000j\000e}{chapter.5}% 80
\BOOKMARK [2][-]{subsection.5.1.1}{\376\377\000O\000s\000n\000o\000v\000n\000i\000\040\000p\000r\000i\000n\000c\000i\000p\000i\000\040\000i\000\040\000b\000i\000l\000a\000n\000c\000e\000\040\000t\000v\000a\000r\000i}{section.5.1}% 81
\BOOKMARK [2][-]{subsection.5.1.2}{\376\377\000B\000i\000o\000g\000e\000o\000k\000e\000m\000i\000j\000s\000k\000i\000\040\000c\000i\000k\000l\000u\000s\000i}{section.5.1}% 82
\BOOKMARK [2][-]{subsection.5.1.3}{\376\377\000E\000n\000e\000r\000g\000e\000t\000s\000k\000i\000\040\000t\000o\000k\000o\000v\000i\000\040\000k\000r\000o\000z\000\040\000e\000k\000o\000s\000u\000s\000t\000a\000v}{section.5.1}% 83
\BOOKMARK [2][-]{subsection.5.1.4}{\376\377\000O\000h\000m\000o\000v\000\040\000z\000a\000k\000o\000n\000\040\000z\000a\000\040\000e\000k\000o\000l\000o\000g\000i\000j\000u}{section.5.1}% 84
\BOOKMARK [1][-]{section.5.2}{\376\377\000B\000i\000o\000e\000n\000e\000r\000g\000e\000t\000s\000k\000i\000\040\000i\000\040\000D\000E\000B\000\040\000m\000o\000d\000e\000l\000i}{chapter.5}% 85
\BOOKMARK [2][-]{subsection.5.2.1}{\376\377\000O\000s\000n\000o\000v\000e\000\040\000D\000E\000B\000\040\000t\000e\000o\000r\000i\000j\000e}{section.5.2}% 86
\BOOKMARK [2][-]{subsection.5.2.2}{\376\377\000S\000t\000a\000n\000d\000a\000r\000d\000n\000i\000\040\000D\000E\000B\000\040\000m\000o\000d\000e\000l}{section.5.2}% 87
\BOOKMARK [2][-]{subsection.5.2.3}{\376\377\000F\000u\000n\000k\000c\000i\000o\000n\000a\000l\000n\000i\000\040\000o\000d\000g\000o\000v\000o\000r\000\040\000u\000\040\000D\000E\000B\000\040\000k\000o\000n\000t\000e\000k\000s\000t\000u}{section.5.2}% 88
\BOOKMARK [2][-]{subsection.5.2.4}{\376\377\000P\000o\000v\000e\000z\000i\000v\000a\000n\000j\000e\000\040\000D\000E\000B\000\040\000m\000o\000d\000e\000l\000a\000\040\000s\000\040\000p\000o\000p\000u\000l\000a\000c\000i\000j\000s\000k\000i\000m\000\040\000d\000i\000n\000a\000m\000i\000k\000a\000m\000a}{section.5.2}% 89
\BOOKMARK [1][-]{section.5.3}{\376\377\000E\000c\000o\000s\000y\000s\000t\000e\000m\000\040\000s\000e\000r\000v\000i\000c\000e\000s}{chapter.5}% 90
\BOOKMARK [2][-]{subsection.5.3.1}{\376\377\000K\000l\000a\000s\000i\000f\000i\000k\000a\000c\000i\000j\000a\000\040\000i\000\040\000k\000v\000a\000n\000t\000i\000f\000i\000k\000a\000c\000i\000j\000a}{section.5.3}% 91
\BOOKMARK [2][-]{subsection.5.3.2}{\376\377\000E\000k\000o\000n\000o\000m\000s\000k\000a\000\040\000v\000r\000e\000d\000n\000o\000v\000a\000n\000j\000e}{section.5.3}% 92
\BOOKMARK [2][-]{subsection.5.3.3}{\376\377\000T\000r\000a\000d\000e\000-\000o\000f\000f\000\040\000a\000n\000a\000l\000i\000z\000e}{section.5.3}% 93
\BOOKMARK [2][-]{subsection.5.3.4}{\376\377\000P\000r\000o\000s\000t\000o\000r\000n\000o\000\040\000m\000o\000d\000e\000l\000i\000r\000a\000n\000j\000e\000\040\000u\000s\000l\000u\000g\000a}{section.5.3}% 94
\BOOKMARK [2][-]{subsection.5.3.5}{\376\377\000D\000i\000n\000a\000m\000i\001\015\000k\000o\000\040\000m\000o\000d\000e\000l\000i\000r\000a\000n\000j\000e\000\040\000u\000s\000l\000u\000g\000a}{section.5.3}% 95
\BOOKMARK [-1][-]{part.3}{\376\377\000I\000I\000I\000\040\000P\000r\000o\000s\000t\000o\000r\000,\000\040\000p\000r\000e\000d\000v\000i\001\021\000a\000n\000j\000e\000\040\000i\000\040\000A\000I}{}% 96
\BOOKMARK [0][-]{chapter.6}{\376\377\000P\000r\000o\000s\000t\000o\000r\000n\000o\000-\000e\000k\000o\000l\000o\001\141\000k\000o\000\040\000m\000o\000d\000e\000l\000i\000r\000a\000n\000j\000e}{part.3}% 97
\BOOKMARK [1][-]{section.6.1}{\376\377\000G\000I\000S\000,\000\040\000d\000a\000l\000j\000i\000n\000s\000k\000a\000\040\000i\000s\000t\000r\000a\001\176\000i\000v\000a\000n\000j\000a\000\040\000i\000\040\000p\000r\000o\000s\000t\000o\000r\000n\000e\000\040\000s\000k\000a\000l\000e}{chapter.6}% 98
\BOOKMARK [2][-]{subsection.6.1.1}{\376\377\000G\000e\000o\000g\000r\000a\000f\000s\000k\000i\000\040\000i\000n\000f\000o\000r\000m\000a\000c\000i\000j\000s\000k\000i\000\040\000s\000u\000s\000t\000a\000v\000i\000\040\000\050\000G\000I\000S\000\051\000\040\000u\000\040\000e\000k\000o\000l\000o\000g\000i\000j\000i}{section.6.1}% 99
\BOOKMARK [2][-]{subsection.6.1.2}{\376\377\000D\000a\000l\000j\000i\000n\000s\000k\000a\000\040\000i\000s\000t\000r\000a\001\176\000i\000v\000a\000n\000j\000a\000\040\000i\000\040\000s\000a\000t\000e\000l\000i\000t\000s\000k\000i\000\040\000p\000o\000d\000a\000t\000c\000i}{section.6.1}% 100
\BOOKMARK [2][-]{subsection.6.1.3}{\376\377\000P\000r\000o\000s\000t\000o\000r\000n\000e\000\040\000s\000k\000a\000l\000e\000\040\000u\000\040\000e\000k\000o\000l\000o\000g\000i\000j\000i}{section.6.1}% 101
\BOOKMARK [2][-]{subsection.6.1.4}{\376\377\000P\000r\000o\000s\000t\000o\000r\000n\000a\000\040\000a\000u\000t\000o\000k\000o\000r\000e\000l\000a\000c\000i\000j\000a}{section.6.1}% 102
\BOOKMARK [1][-]{section.6.2}{\376\377\000M\000o\000d\000e\000l\000i\000\040\000r\000a\000s\000p\000r\000o\000s\000t\000i\000r\000a\000n\000j\000a\000\040\000v\000r\000s\000t\000a\000\040\000\050\000S\000D\000M\000/\000E\000N\000M\000\051}{chapter.6}% 103
\BOOKMARK [2][-]{subsection.6.2.1}{\376\377\000K\000o\000n\000c\000e\000p\000t\000u\000a\000l\000n\000i\000\040\000o\000k\000v\000i\000r}{section.6.2}% 104
\BOOKMARK [2][-]{subsection.6.2.2}{\376\377\000K\000l\000i\000m\000a\000t\000s\000k\000e\000\040\000v\000a\000r\000i\000j\000a\000b\000l\000e\000\040\000i\000\040\000b\000i\000o\000k\000l\000i\000m\000a\000t\000s\000k\000i\000\040\000s\000l\000o\000j\000e\000v\000i}{section.6.2}% 105
\BOOKMARK [2][-]{subsection.6.2.3}{\376\377\000A\000l\000g\000o\000r\000i\000t\000m\000i\000\040\000S\000D\000M\000\040\000m\000o\000d\000e\000l\000i\000r\000a\000n\000j\000a}{section.6.2}% 106
\BOOKMARK [2][-]{subsection.6.2.4}{\376\377\000E\000v\000a\000l\000u\000a\000c\000i\000j\000a\000\040\000m\000o\000d\000e\000l\000a}{section.6.2}% 107
\BOOKMARK [2][-]{subsection.6.2.5}{\376\377\000P\000r\000i\000s\000t\000r\000a\000n\000o\000s\000t\000\040\000u\000z\000o\000r\000k\000o\000v\000a\000n\000j\000a}{section.6.2}% 108
\BOOKMARK [1][-]{section.6.3}{\376\377\000I\000n\000d\000i\000v\000i\000d\000u\000a\000l\000n\000o\000\040\000t\000e\000m\000e\000l\000j\000e\000n\000i\000\040\000m\000o\000d\000e\000l\000i\000\040\000\050\000I\000B\000M\000\051}{chapter.6}% 109
\BOOKMARK [2][-]{subsection.6.3.1}{\376\377\000K\000o\000n\000c\000e\000p\000t\000u\000a\000l\000n\000i\000\040\000o\000k\000v\000i\000r\000\040\000I\000B\000M\000-\000a}{section.6.3}% 110
\BOOKMARK [2][-]{subsection.6.3.2}{\376\377\000P\000r\000o\000s\000t\000o\000r\000n\000o\000\040\000p\000o\000n\000a\001\141\000a\000n\000j\000e\000\040\000i\000\040\000m\000o\000v\000e\000m\000e\000n\000t}{section.6.3}% 111
\BOOKMARK [2][-]{subsection.6.3.3}{\376\377\000E\000n\000e\000r\000g\000e\000t\000s\000k\000i\000\040\000m\000o\000d\000e\000l\000i}{section.6.3}% 112
\BOOKMARK [2][-]{subsection.6.3.4}{\376\377\000R\000e\000p\000r\000o\000d\000u\000k\000c\000i\000j\000a\000\040\000i\000\040\000d\000e\000m\000o\000g\000r\000a\000f\000i\000j\000a}{section.6.3}% 113
\BOOKMARK [2][-]{subsection.6.3.5}{\376\377\000I\000n\000t\000e\000r\000a\000k\000c\000i\000j\000e\000\040\000i\000z\000m\000e\001\021\000u\000\040\000j\000e\000d\000i\000n\000k\000i}{section.6.3}% 114
\BOOKMARK [2][-]{subsection.6.3.6}{\376\377\000E\000m\000e\000r\000g\000e\000n\000t\000n\000a\000\040\000s\000v\000o\000j\000s\000t\000v\000a}{section.6.3}% 115
\BOOKMARK [2][-]{subsection.6.3.7}{\376\377\000I\000m\000p\000l\000e\000m\000e\000n\000t\000a\000c\000i\000j\000a\000\040\000i\000\040\000s\000o\000f\000t\000v\000e\000r\000s\000k\000i\000\040\000a\000l\000a\000t\000i}{section.6.3}% 116
\BOOKMARK [0][-]{chapter.7}{\376\377\000P\000r\000e\000d\000i\000k\000t\000i\000v\000n\000o\000\040\000m\000o\000d\000e\000l\000i\000r\000a\000n\000j\000e\000\040\000i\000\040\000s\000c\000e\000n\000a\000r\000i\000j\000i}{part.3}% 117
\BOOKMARK [1][-]{section.7.1}{\376\377\000S\000c\000e\000n\000a\000r\000i\000j\000i\000\040\000k\000l\000i\000m\000a\000t\000s\000k\000i\000h\000\040\000p\000r\000o\000m\000j\000e\000n\000a}{chapter.7}% 118
\BOOKMARK [1][-]{section.7.2}{\376\377\000P\000r\000e\000d\000v\000i\001\021\000a\000n\000j\000e\000\040\000i\000n\000v\000a\000z\000i\000j\000a\000\040\000i\000\040\000r\000a\000n\000i\000\040\000s\000u\000s\000t\000a\000v\000i\000\040\000u\000p\000o\000z\000o\000r\000e\000n\000j\000a}{chapter.7}% 119
\BOOKMARK [1][-]{section.7.3}{\376\377\000S\000p\000a\000j\000a\000n\000j\000e\000\040\000m\000e\000h\000a\000n\000i\000s\000t\000i\001\015\000k\000i\000h\000\040\000i\000\040\000s\000t\000a\000t\000i\000s\000t\000i\001\015\000k\000i\000h\000\040\000p\000r\000i\000s\000t\000u\000p\000a}{chapter.7}% 120
\BOOKMARK [0][-]{chapter.8}{\376\377\000S\000t\000a\000t\000i\000s\000t\000i\001\015\000k\000i\000\040\000i\000\040\000A\000I\000\040\000p\000r\000i\000s\000t\000u\000p\000i}{part.3}% 121
\BOOKMARK [1][-]{section.8.1}{\376\377\000K\000l\000a\000s\000i\001\015\000n\000a\000\040\000i\000\040\000B\000a\000y\000e\000s\000o\000v\000s\000k\000a\000\040\000s\000t\000a\000t\000i\000s\000t\000i\000k\000a}{chapter.8}% 122
\BOOKMARK [1][-]{section.8.2}{\376\377\000S\000t\000r\000o\000j\000n\000o\000\040\000u\001\015\000e\000n\000j\000e}{chapter.8}% 123
\BOOKMARK [1][-]{section.8.3}{\376\377\000D\000u\000b\000o\000k\000o\000\040\000u\001\015\000e\000n\000j\000e\000\040\000i\000\040\000d\000i\000g\000i\000t\000a\000l\000n\000i\000\040\000b\000l\000i\000z\000a\000n\000c\000i\000\040\000e\000k\000o\000s\000u\000s\000t\000a\000v\000a}{chapter.8}% 124
\BOOKMARK [-1][-]{part.4}{\376\377\000I\000V\000\040\000V\000a\000l\000i\000d\000a\000c\000i\000j\000a\000,\000\040\000n\000e\000s\000i\000g\000u\000r\000n\000o\000s\000t\000\040\000i\000\040\000p\000r\000i\000m\000j\000e\000n\000e}{}% 125
\BOOKMARK [0][-]{chapter.9}{\376\377\000V\000a\000l\000i\000d\000a\000c\000i\000j\000a\000,\000\040\000v\000e\000r\000i\000f\000i\000k\000a\000c\000i\000j\000a\000\040\000i\000\040\000o\000s\000j\000e\000t\000l\000j\000i\000v\000o\000s\000t}{part.4}% 126
\BOOKMARK [1][-]{section.9.1}{\376\377\000K\000a\000l\000i\000b\000r\000a\000c\000i\000j\000a\000\040\000i\000\040\000v\000e\000r\000i\000f\000i\000k\000a\000c\000i\000j\000a}{chapter.9}% 127
\BOOKMARK [1][-]{section.9.2}{\376\377\000A\000n\000a\000l\000i\000z\000e\000\040\000o\000s\000j\000e\000t\000l\000j\000i\000v\000o\000s\000t\000i\000\040\000i\000\040\000r\000o\000b\000u\000s\000t\000n\000o\000s\000t\000i}{chapter.9}% 128
\BOOKMARK [1][-]{section.9.3}{\376\377\000E\000t\000i\000k\000a\000\040\000i\000\040\000k\000o\000m\000u\000n\000i\000k\000a\000c\000i\000j\000a\000\040\000n\000e\000s\000i\000g\000u\000r\000n\000o\000s\000t\000i}{chapter.9}% 129
\BOOKMARK [0][-]{chapter.10}{\376\377\000P\000r\000i\000m\000j\000e\000n\000e\000\040\000u\000\040\000u\000p\000r\000a\000v\000l\000j\000a\000n\000j\000u\000\040\000o\000k\000o\000l\000i\001\141\000e\000m}{part.4}% 130
\BOOKMARK [1][-]{section.10.1}{\376\377\000Z\000a\001\141\000t\000i\000t\000a\000\040\000p\000r\000i\000r\000o\000d\000e\000\040\000i\000\040\000b\000i\000o\000r\000a\000z\000n\000o\000l\000i\000k\000o\000s\000t\000i}{chapter.10}% 131
\BOOKMARK [1][-]{section.10.2}{\376\377\000P\000o\000l\000j\000o\000p\000r\000i\000v\000r\000e\000d\000a\000\040\000i\000\040\001\141\000u\000m\000a\000r\000s\000t\000v\000o}{chapter.10}% 132
\BOOKMARK [1][-]{section.10.3}{\376\377\000E\000k\000o\000t\000o\000k\000s\000i\000k\000o\000l\000o\000g\000i\000j\000a\000\040\000i\000\040\000p\000r\000o\000c\000j\000e\000n\000a\000\040\000r\000i\000z\000i\000k\000a}{chapter.10}% 133
\BOOKMARK [1][-]{section.10.4}{\376\377\000K\000l\000i\000m\000a\000t\000s\000k\000e\000\040\000p\000o\000l\000i\000t\000i\000k\000e\000\040\000i\000\040\000o\000d\000r\001\176\000i\000v\000i\000\040\000r\000a\000z\000v\000o\000j}{chapter.10}% 134
\BOOKMARK [-1][-]{part.5}{\376\377\000V\000\040\000S\000t\000u\000d\000i\000j\000e\000\040\000s\000l\000u\001\015\000a\000j\000a\000\040\000i\000\040\000p\000r\000a\000k\000t\000i\001\015\000n\000e\000\040\000v\000j\000e\001\176\000b\000e}{}% 135
\BOOKMARK [0][-]{chapter.11}{\376\377\000S\000t\000u\000d\000i\000j\000e\000\040\000s\000l\000u\001\015\000a\000j\000a}{part.5}% 136
\BOOKMARK [1][-]{section.11.1}{\376\377\000G\000u\000j\000a\000v\000i\000c\000e\000\040\000u\000\040\000a\000g\000r\000o\000e\000k\000o\000s\000u\000s\000t\000a\000v\000i\000m\000a}{chapter.11}% 137
\BOOKMARK [1][-]{section.11.2}{\376\377\001\140\000i\000r\000e\000n\000j\000e\000\040\000k\000o\000m\000a\000r\000a\000c\000a}{chapter.11}% 138
\BOOKMARK [1][-]{section.11.3}{\376\377\000E\000u\000t\000r\000o\000f\000i\000k\000a\000c\000i\000j\000a\000\040\000r\000i\000j\000e\001\015\000n\000o\000g\000\040\000e\000k\000o\000s\000u\000s\000t\000a\000v\000a}{chapter.11}% 139
\BOOKMARK [1][-]{section.11.4}{\376\377\000F\000r\000a\000g\000m\000e\000n\000t\000a\000c\000i\000j\000a\000\040\001\141\000u\000m\000a\000\040\000i\000\040\000p\000t\000i\000c\000e\000\040\000m\000e\000t\000a\000p\000o\000p\000u\000l\000a\000c\000i\000j\000a}{chapter.11}% 140
\BOOKMARK [1][-]{section.11.5}{\376\377\000B\000a\000y\000e\000s\000o\000v\000e\000\040\000m\000r\000e\001\176\000e\000\040\000u\000\040\000e\000k\000o\000t\000o\000k\000s\000i\000k\000o\000l\000o\000g\000i\000j\000i}{chapter.11}% 141
\BOOKMARK [0][-]{chapter.12}{\376\377\000P\000r\000a\000k\000t\000i\001\015\000n\000e\000\040\000v\000j\000e\001\176\000b\000e\000\040\000\050\000R\000\040\000i\000\040\000P\000y\000t\000h\000o\000n\000\051}{part.5}% 142
\BOOKMARK [1][-]{section.12.1}{\376\377\000U\000v\000o\000d\000\040\000u\000\040\000R\000\040\000i\000\040\000P\000y\000t\000h\000o\000n\000\040\000a\000l\000a\000t\000e}{chapter.12}% 143
\BOOKMARK [1][-]{section.12.2}{\376\377\000L\000e\000s\000l\000i\000e\000\040\000m\000a\000t\000r\000i\000c\000a\000\040\000u\000\040\000R}{chapter.12}% 144
\BOOKMARK [1][-]{section.12.3}{\376\377\000L\000o\000t\000k\000a\040\023\000V\000o\000l\000t\000e\000r\000r\000a\000\040\000s\000i\000m\000u\000l\000a\000c\000i\000j\000a\000\040\000u\000\040\000P\000y\000t\000h\000o\000n}{chapter.12}% 145
\BOOKMARK [1][-]{section.12.4}{\376\377\000S\000D\000M\000\040\000u\000\040\000R\000\040\000\050\000s\000k\000i\000c\000a\000\040\000s\000\040\000d\000i\000s\000m\000o\000\051}{chapter.12}% 146
\BOOKMARK [1][-]{section.12.5}{\376\377\000R\000a\000n\000d\000o\000m\000\040\000F\000o\000r\000e\000s\000t\000\040\000z\000a\000\040\000i\000n\000v\000a\000z\000i\000j\000e}{chapter.12}% 147
\BOOKMARK [1][-]{section.12.6}{\376\377\000D\000E\000B\000\040\000s\000i\000m\000u\000l\000a\000c\000i\000j\000e\000\040\000\050\000s\000k\000i\000c\000a\000\051}{chapter.12}% 148
\BOOKMARK [0][-]{appendix.A}{\376\377\000M\000a\000t\000e\000m\000a\000t\000i\001\015\000k\000i\000\040\000p\000r\000i\000l\000o\000z\000i}{part.5}% 149
\BOOKMARK [1][-]{section.A.1}{\376\377\000O\000s\000n\000o\000v\000n\000i\000\040\000p\000o\000p\000u\000l\000a\000c\000i\000j\000s\000k\000i\000\040\000m\000o\000d\000e\000l\000i}{appendix.A}% 150
\BOOKMARK [0][-]{appendix.B}{\376\377\000I\000n\000s\000t\000a\000l\000a\000c\000i\000j\000a\000\040\000s\000o\000f\000t\000v\000e\000r\000a}{part.5}% 151
\BOOKMARK [0][-]{appendix.C}{\376\377\000P\000r\000i\000m\000j\000e\000r\000i\000\040\000k\000o\000d\000a}{part.5}% 152
\BOOKMARK [0][-]{appendix.D}{\376\377\000R\000j\000e\001\015\000n\000i\000k\000\040\000p\000o\000j\000m\000o\000v\000a}{part.5}% 153
